07.12.2021 16:52:02.004 [main] INFO   ru.vsu.ConsoleGame - The game was started
07.12.2021 16:53:51.902 [main] INFO   ru.vsu.ConsoleGame - The game was started
07.12.2021 16:54:27.005 [main] INFO   ru.vsu.ConsoleGame - Player step: bot takes cards
07.12.2021 17:06:06.645 [main] INFO   ru.vsu.ConsoleGame - The game was started
07.12.2021 17:06:20.957 [main] INFO   ru.vsu.ConsoleGame - Player step: bot beats cards
07.12.2021 17:06:38.873 [main] INFO   ru.vsu.ConsoleGame - Bot step: player beats cards
07.12.2021 19:21:32.865 [main] INFO   ru.vsu.ConsoleGame - Loading the game
07.12.2021 19:23:36.708 [main] INFO   ru.vsu.ConsoleGame - Loading the game
07.12.2021 19:24:50.047 [main] INFO   ru.vsu.ConsoleGame - Loading the game
07.12.2021 19:26:28.020 [main] INFO   ru.vsu.ConsoleGame - Loading the game
07.12.2021 19:26:46.631 [main] INFO   ru.vsu.ConsoleGame - Loading the game
07.12.2021 19:26:59.639 [main] INFO   ru.vsu.ConsoleGame - Loading the game
07.12.2021 19:29:19.450 [main] INFO   ru.vsu.ConsoleGame - Loading the game
07.12.2021 19:30:44.166 [main] INFO   ru.vsu.ConsoleGame - The game was started
07.12.2021 19:30:56.729 [main] INFO   ru.vsu.ConsoleGame - Player step: bot beats cards
07.12.2021 19:30:59.137 [main] INFO   ru.vsu.ConsoleGame - Bot step: player takes cards
07.12.2021 19:31:28.690 [main] INFO   ru.vsu.ConsoleGame - Bot step: player beats cards
07.12.2021 19:31:49.463 [main] INFO   ru.vsu.ConsoleGame - Player step: bot takes cards
07.12.2021 19:32:53.886 [main] INFO   ru.vsu.ConsoleGame - Loading the game
07.12.2021 19:34:24.287 [main] INFO   ru.vsu.ConsoleGame - Loading the game
07.12.2021 19:35:53.940 [main] INFO   ru.vsu.ConsoleGame - Loading the game
07.12.2021 19:38:54.394 [main] INFO   ru.vsu.ConsoleGame - Loading the game
07.12.2021 19:43:00.789 [main] INFO   ru.vsu.ConsoleGame - Loading the game
07.12.2021 19:55:18.933 [main] INFO   ru.vsu.ConsoleGame - The game was started
07.12.2021 19:55:24.715 [main] INFO   ru.vsu.ConsoleGame - Player step: bot beats cards
07.12.2021 19:56:09.649 [main] INFO   ru.vsu.ConsoleGame - Bot step: player beats cards
07.12.2021 19:56:40.017 [main] INFO   ru.vsu.ConsoleGame - Loading the game
07.12.2021 20:02:15.502 [main] INFO   ru.vsu.ConsoleGame - Loading the game
07.12.2021 20:04:27.399 [main] INFO   ru.vsu.ConsoleGame - Loading the game
07.12.2021 20:10:05.600 [main] INFO   ru.vsu.ConsoleGame - Loading the game
07.12.2021 20:13:54.370 [main] INFO   ru.vsu.ConsoleGame - Loading the game
07.12.2021 20:15:06.461 [main] INFO   ru.vsu.ConsoleGame - Loading the game
07.12.2021 20:16:39.139 [main] INFO   ru.vsu.ConsoleGame - Loading the game
07.12.2021 20:17:13.100 [main] INFO   ru.vsu.ConsoleGame - Loading the game
07.12.2021 20:27:51.285 [main] INFO   ru.vsu.ConsoleGame - Loading the game
07.12.2021 20:39:01.646 [main] INFO   ru.vsu.ConsoleGame - Loading the game
07.12.2021 20:48:22.974 [main] INFO   ru.vsu.ConsoleGame - Loading the game
07.12.2021 20:56:45.658 [main] INFO   ru.vsu.ConsoleGame - Loading the game
07.12.2021 20:57:27.878 [main] INFO   ru.vsu.ConsoleGame - Loading the game
07.12.2021 21:00:15.724 [main] INFO   ru.vsu.ConsoleGame - Player won
07.12.2021 21:03:04.749 [main] INFO   ru.vsu.ConsoleGame - Loading the game
07.12.2021 21:04:39.205 [main] INFO   ru.vsu.ConsoleGame - Loading the game
07.12.2021 21:07:32.672 [main] INFO   ru.vsu.ConsoleGame - Player won
07.12.2021 21:07:56.597 [main] INFO   ru.vsu.ConsoleGame - Loading the game
07.12.2021 21:15:15.090 [main] INFO   ru.vsu.ConsoleGame - Loading the game
07.12.2021 21:25:09.316 [main] INFO   ru.vsu.ConsoleGame - Loading the game
07.12.2021 21:27:32.103 [main] INFO   ru.vsu.ConsoleGame - Loading the game
07.12.2021 21:28:59.742 [main] INFO   ru.vsu.ConsoleGame - Loading the game
07.12.2021 21:34:06.599 [main] INFO   ru.vsu.ConsoleGame - Loading the game
07.12.2021 21:36:51.795 [main] INFO   ru.vsu.ConsoleGame - Loading the game
07.12.2021 21:38:37.673 [main] INFO   ru.vsu.ConsoleGame - Loading the game
